<?xml version="1.0" encoding="UTF-8"?>
<!-- Generated by org.testng.reporters.JUnitReportReporter -->
<testsuite name="com.sjsu.socratic.socratic.AppTest" tests="1" time="0.002" ignored="0" failures="0" timestamp="19 Apr 2020 19:25:26 GMT" skipped="0" hostname="Anurags-MacBook-Pro.local" errors="0">
  <testcase name="testApp" time="0.002" classname="com.sjsu.socratic.socratic.AppTest"/>
</testsuite> <!-- com.sjsu.socratic.socratic.AppTest -->
